Draw_Bounce/exports/export3/launcher/build/intermediates/manifest_merge_blame_file/debug/manifest-merger-blame-debug-report.txt
1<?xml version="1.0" encoding="utf-8"?>
2<manifest xmlns:android="http://schemas.android.com/apk/res/android"
3    package="com.ShedWise.IntoTheCup"
4    android:installLocation="preferExternal"
5    android:versionCode="1"
6    android:versionName="0.1" >
7
8    <uses-sdk
9        android:minSdkVersion="19"
9-->src\main\AndroidManifest.xml
10        android:targetSdkVersion="31" />
10-->src\main\AndroidManifest.xml
11
12    <supports-screens
12-->src\main\AndroidManifest.xml:3:3-163
13        android:anyDensity="true"
13-->src\main\AndroidManifest.xml:3:135-160
14        android:largeScreens="true"
14-->src\main\AndroidManifest.xml:3:78-105
15        android:normalScreens="true"
15-->src\main\AndroidManifest.xml:3:49-77
16        android:smallScreens="true"
16-->src\main\AndroidManifest.xml:3:21-48
17        android:xlargeScreens="true" />
17-->src\main\AndroidManifest.xml:3:106-134
18
19    <uses-permission android:name="android.permission.INTERNET" />
19-->[:unityLibrary] AndroidManifest.xml:14:5-67
19-->[:unityLibrary] AndroidManifest.xml:14:22-64
20    <uses-permission android:name="android.permission.ACCESS_NETWORK_STATE" />
20-->[:unityLibrary] AndroidManifest.xml:15:5-79
20-->[:unityLibrary] AndroidManifest.xml:15:22-76
21    <uses-permission android:name="android.permission.ACCESS_WIFI_STATE" />
21-->[:unityLibrary] AndroidManifest.xml:16:5-76
21-->[:unityLibrary] AndroidManifest.xml:16:22-73
22    <uses-permission android:name="com.google.android.finsky.permission.BIND_GET_INSTALL_REFERRER_SERVICE" />
22-->[:unityLibrary] AndroidManifest.xml:17:5-110
22-->[:unityLibrary] AndroidManifest.xml:17:22-107
23
24    <uses-feature android:glEsVersion="0x00020000" />
24-->[:unityLibrary] AndroidManifest.xml:19:5-54
24-->[:unityLibrary] AndroidManifest.xml:19:19-51
25    <uses-feature
25-->[:unityLibrary] AndroidManifest.xml:20:5-22:36
26        android:name="android.hardware.vulkan.version"
26-->[:unityLibrary] AndroidManifest.xml:21:9-55
27        android:required="false" />
27-->[:unityLibrary] AndroidManifest.xml:22:9-33
28    <uses-feature
28-->[:unityLibrary] AndroidManifest.xml:23:5-25:36
29        android:name="android.hardware.touchscreen"
29-->[:unityLibrary] AndroidManifest.xml:24:9-52
30        android:required="false" />
30-->[:unityLibrary] AndroidManifest.xml:25:9-33
31    <uses-feature
31-->[:unityLibrary] AndroidManifest.xml:26:5-28:36
32        android:name="android.hardware.touchscreen.multitouch"
32-->[:unityLibrary] AndroidManifest.xml:27:9-63
33        android:required="false" />
33-->[:unityLibrary] AndroidManifest.xml:28:9-33
34    <uses-feature
34-->[:unityLibrary] AndroidManifest.xml:29:5-31:36
35        android:name="android.hardware.touchscreen.multitouch.distinct"
35-->[:unityLibrary] AndroidManifest.xml:30:9-72
36        android:required="false" />
36-->[:unityLibrary] AndroidManifest.xml:31:9-33
37
38    <uses-permission android:name="android.permission.WRITE_EXTERNAL_STORAGE" />
39    <uses-permission android:name="android.permission.READ_PHONE_STATE" />
40    <uses-permission android:name="android.permission.READ_EXTERNAL_STORAGE" />
41
42    <application
42-->src\main\AndroidManifest.xml:4:3-110
43        android:name="androidx.multidex.MultiDexApplication"
43-->[:unityLibrary] AndroidManifest.xml:34:9-61
44        android:allowBackup="false"
44-->[:unityLibrary] AndroidManifest.xml:35:9-36
45        android:appComponentFactory="androidx.core.app.CoreComponentFactory"
45-->[androidx.core:core:1.1.0] AndroidManifest.xml:24:18-86
46        android:debuggable="true"
47        android:fullBackupContent="false"
47-->[:unityLibrary] AndroidManifest.xml:36:9-42
48        android:icon="@mipmap/app_icon"
48-->src\main\AndroidManifest.xml:4:49-80
49        android:label="@string/app_name"
49-->src\main\AndroidManifest.xml:4:16-48
50        android:supportsRtl="true"
50-->[com.facebook.android:facebook-applinks:8.2.0] AndroidManifest.xml:28:18-44
51        android:theme="@android:style/Theme.NoTitleBar" > <!-- UNITY -->
51-->[:unityLibrary] AndroidManifest.xml:37:9-56
52        <activity
52-->[:unityLibrary] AndroidManifest.xml:42:9-69:20
53            android:name="com.unity3d.player.UnityPlayerActivity"
53-->[:unityLibrary] AndroidManifest.xml:43:13-66
54            android:configChanges="mcc|mnc|locale|touchscreen|keyboard|keyboardHidden|navigation|orientation|screenLayout|uiMode|screenSize|smallestScreenSize|fontScale|layoutDirection|density"
54-->[:unityLibrary] AndroidManifest.xml:44:13-194
55            android:hardwareAccelerated="false"
55-->[:unityLibrary] AndroidManifest.xml:45:13-48
56            android:label="@string/app_name"
56-->[:unityLibrary] AndroidManifest.xml:46:13-45
57            android:launchMode="singleTask"
57-->[:unityLibrary] AndroidManifest.xml:47:13-44
58            android:resizeableActivity="false"
58-->[:unityLibrary] AndroidManifest.xml:48:13-47
59            android:screenOrientation="sensorPortrait" >
59-->[:unityLibrary] AndroidManifest.xml:49:13-55
60            <intent-filter>
60-->[:unityLibrary] AndroidManifest.xml:50:13-55:29
61                <action android:name="android.intent.action.MAIN" />
61-->[:unityLibrary] AndroidManifest.xml:51:17-69
61-->[:unityLibrary] AndroidManifest.xml:51:25-66
62
63                <category android:name="android.intent.category.LAUNCHER" />
63-->[:unityLibrary] AndroidManifest.xml:53:17-77
63-->[:unityLibrary] AndroidManifest.xml:53:27-74
64                <category android:name="android.intent.category.LEANBACK_LAUNCHER" />
64-->[:unityLibrary] AndroidManifest.xml:54:17-86
64-->[:unityLibrary] AndroidManifest.xml:54:27-83
65            </intent-filter>
66
67            <meta-data
67-->[:unityLibrary] AndroidManifest.xml:57:13-59:40
68                android:name="unityplayer.UnityActivity"
68-->[:unityLibrary] AndroidManifest.xml:58:17-57
69                android:value="true" />
69-->[:unityLibrary] AndroidManifest.xml:59:17-37
70            <meta-data
70-->[:unityLibrary] AndroidManifest.xml:60:13-62:41
71                android:name="unityplayer.ForwardNativeEventsToDalvik"
71-->[:unityLibrary] AndroidManifest.xml:61:17-71
72                android:value="false" />
72-->[:unityLibrary] AndroidManifest.xml:62:17-38
73            <meta-data
73-->[:unityLibrary] AndroidManifest.xml:63:13-65:73
74                android:name="com.google.android.gms.version"
74-->[:unityLibrary] AndroidManifest.xml:64:17-62
75                android:value="@integer/google_play_services_version" />
75-->[:unityLibrary] AndroidManifest.xml:65:17-70
76            <meta-data
76-->[:unityLibrary] AndroidManifest.xml:66:13-68:40
77                android:name="android.notch_support"
77-->[:unityLibrary] AndroidManifest.xml:67:17-53
78                android:value="true" />
78-->[:unityLibrary] AndroidManifest.xml:68:17-37
79        </activity> <!-- FULLSCREEN FIX -->
80        <meta-data
80-->[:unityLibrary] AndroidManifest.xml:71:9-73:36
81            android:name="android.max_aspect"
81-->[:unityLibrary] AndroidManifest.xml:72:13-46
82            android:value="2.16" /> <!-- 3rdParty MANIFEST -->
82-->[:unityLibrary] AndroidManifest.xml:73:13-33
83        <activity
83-->[:unityLibrary] AndroidManifest.xml:75:9-78:86
84            android:name="com.facebook.unity.FBUnityLoginActivity"
84-->[:unityLibrary] AndroidManifest.xml:76:13-67
85            android:configChanges="fontScale|keyboard|keyboardHidden|locale|mnc|mcc|navigation|orientation|screenLayout|screenSize|smallestScreenSize|uiMode|touchscreen"
85-->[:unityLibrary] AndroidManifest.xml:77:13-170
86            android:theme="@android:style/Theme.Translucent.NoTitleBar.Fullscreen" />
86-->[:unityLibrary] AndroidManifest.xml:78:13-83
87        <activity
87-->[:unityLibrary] AndroidManifest.xml:79:9-82:86
88            android:name="com.facebook.unity.FBUnityDialogsActivity"
88-->[:unityLibrary] AndroidManifest.xml:80:13-69
89            android:configChanges="fontScale|keyboard|keyboardHidden|locale|mnc|mcc|navigation|orientation|screenLayout|screenSize|smallestScreenSize|uiMode|touchscreen"
89-->[:unityLibrary] AndroidManifest.xml:81:13-170
90            android:theme="@android:style/Theme.Translucent.NoTitleBar.Fullscreen" />
90-->[:unityLibrary] AndroidManifest.xml:82:13-83
91        <activity
91-->[:unityLibrary] AndroidManifest.xml:83:9-86:86
92            android:name="com.facebook.unity.FBUnityGamingServicesFriendFinderActivity"
92-->[:unityLibrary] AndroidManifest.xml:84:13-88
93            android:configChanges="fontScale|keyboard|keyboardHidden|locale|mnc|mcc|navigation|orientation|screenLayout|screenSize|smallestScreenSize|uiMode|touchscreen"
93-->[:unityLibrary] AndroidManifest.xml:85:13-170
94            android:theme="@android:style/Theme.Translucent.NoTitleBar.Fullscreen" />
94-->[:unityLibrary] AndroidManifest.xml:86:13-83
95        <activity
95-->[:unityLibrary] AndroidManifest.xml:87:9-89:39
96            android:name="com.facebook.unity.FBUnityAppLinkActivity"
96-->[:unityLibrary] AndroidManifest.xml:88:13-69
97            android:exported="true" />
97-->[:unityLibrary] AndroidManifest.xml:89:13-36
98        <activity
98-->[:unityLibrary] AndroidManifest.xml:90:9-92:39
99            android:name="com.facebook.unity.FBUnityDeepLinkingActivity"
99-->[:unityLibrary] AndroidManifest.xml:91:13-73
100            android:exported="true" />
100-->[:unityLibrary] AndroidManifest.xml:92:13-36
101        <activity android:name="com.facebook.unity.FBUnityGameRequestActivity" />
101-->[:unityLibrary] AndroidManifest.xml:93:9-82
101-->[:unityLibrary] AndroidManifest.xml:93:19-79
102        <activity android:name="com.facebook.unity.FBUnityCreateGameGroupActivity" />
102-->[:unityLibrary] AndroidManifest.xml:94:9-86
102-->[:unityLibrary] AndroidManifest.xml:94:19-83
103        <activity android:name="com.facebook.unity.FBUnityJoinGameGroupActivity" />
103-->[:unityLibrary] AndroidManifest.xml:95:9-84
103-->[:unityLibrary] AndroidManifest.xml:95:19-81
104
105        <meta-data
105-->[:unityLibrary] AndroidManifest.xml:97:9-99:49
106            android:name="com.facebook.sdk.ApplicationId"
106-->[:unityLibrary] AndroidManifest.xml:98:13-58
107            android:value="fb213273517519369" />
107-->[:unityLibrary] AndroidManifest.xml:99:13-46
108        <meta-data
108-->[:unityLibrary] AndroidManifest.xml:100:9-102:36
109            android:name="com.facebook.sdk.AutoLogAppEventsEnabled"
109-->[:unityLibrary] AndroidManifest.xml:101:13-68
110            android:value="true" />
110-->[:unityLibrary] AndroidManifest.xml:102:13-33
111        <meta-data
111-->[:unityLibrary] AndroidManifest.xml:103:9-105:36
112            android:name="com.facebook.sdk.AdvertiserIDCollectionEnabled"
112-->[:unityLibrary] AndroidManifest.xml:104:13-74
113            android:value="true" />
113-->[:unityLibrary] AndroidManifest.xml:105:13-33
114
115        <provider
115-->[:unityLibrary] AndroidManifest.xml:107:9-110:39
116            android:name="com.facebook.FacebookContentProvider"
116-->[:unityLibrary] AndroidManifest.xml:108:13-64
117            android:authorities="com.facebook.app.FacebookContentProvider213273517519369"
117-->[:unityLibrary] AndroidManifest.xml:109:13-90
118            android:exported="true" />
118-->[:unityLibrary] AndroidManifest.xml:110:13-36
119
120        <meta-data
120-->[:unityLibrary] AndroidManifest.xml:112:9-114:33
121            android:name="unity.splash-mode"
121-->[:unityLibrary] AndroidManifest.xml:113:13-45
122            android:value="0" />
122-->[:unityLibrary] AndroidManifest.xml:114:13-30
123        <meta-data
123-->[:unityLibrary] AndroidManifest.xml:115:9-117:36
124            android:name="unity.splash-enable"
124-->[:unityLibrary] AndroidManifest.xml:116:13-47
125            android:value="True" />
125-->[:unityLibrary] AndroidManifest.xml:117:13-33
126        <meta-data
126-->[:unityLibrary] AndroidManifest.xml:118:9-120:37
127            android:name="unity.allow-resizable-window"
127-->[:unityLibrary] AndroidManifest.xml:119:13-56
128            android:value="False" />
128-->[:unityLibrary] AndroidManifest.xml:120:13-34
129        <meta-data
129-->[:unityLibrary] AndroidManifest.xml:121:9-123:50
130            android:name="notch.config"
130-->[:unityLibrary] AndroidManifest.xml:122:13-40
131            android:value="portrait|landscape" />
131-->[:unityLibrary] AndroidManifest.xml:123:13-47
132        <meta-data
132-->[:unityLibrary] AndroidManifest.xml:124:9-126:68
133            android:name="unity.build-id"
133-->[:unityLibrary] AndroidManifest.xml:125:13-42
134            android:value="795bdea2-3953-46bb-843f-a7a8d784ba01" />
134-->[:unityLibrary] AndroidManifest.xml:126:13-65
135
136        <activity
136-->[com.facebook.android:facebook-common:8.2.0] AndroidManifest.xml:30:9-33:66
137            android:name="com.facebook.FacebookActivity"
137-->[com.facebook.android:facebook-common:8.2.0] AndroidManifest.xml:31:13-57
138            android:configChanges="keyboard|keyboardHidden|screenLayout|screenSize|orientation"
138-->[com.facebook.android:facebook-common:8.2.0] AndroidManifest.xml:32:13-96
139            android:theme="@style/com_facebook_activity_theme" />
139-->[com.facebook.android:facebook-common:8.2.0] AndroidManifest.xml:33:13-63
140        <activity android:name="com.facebook.CustomTabMainActivity" />
140-->[com.facebook.android:facebook-common:8.2.0] AndroidManifest.xml:34:9-71
140-->[com.facebook.android:facebook-common:8.2.0] AndroidManifest.xml:34:19-68
141        <activity
141-->[com.facebook.android:facebook-common:8.2.0] AndroidManifest.xml:35:9-49:20
142            android:name="com.facebook.CustomTabActivity"
142-->[com.facebook.android:facebook-common:8.2.0] AndroidManifest.xml:36:13-58
143            android:exported="true" >
143-->[com.facebook.android:facebook-common:8.2.0] AndroidManifest.xml:37:13-36
144            <intent-filter>
144-->[com.facebook.android:facebook-common:8.2.0] AndroidManifest.xml:39:13-48:29
145                <action android:name="android.intent.action.VIEW" />
145-->[com.facebook.android:facebook-common:8.2.0] AndroidManifest.xml:40:17-69
145-->[com.facebook.android:facebook-common:8.2.0] AndroidManifest.xml:40:25-66
146
147                <category android:name="android.intent.category.DEFAULT" />
147-->[com.facebook.android:facebook-common:8.2.0] AndroidManifest.xml:42:17-76
147-->[com.facebook.android:facebook-common:8.2.0] AndroidManifest.xml:42:27-73
148                <category android:name="android.intent.category.BROWSABLE" />
148-->[com.facebook.android:facebook-common:8.2.0] AndroidManifest.xml:43:17-78
148-->[com.facebook.android:facebook-common:8.2.0] AndroidManifest.xml:43:27-75
149
150                <data
150-->[com.facebook.android:facebook-common:8.2.0] AndroidManifest.xml:45:17-47:50
151                    android:host="cct.com.ShedWise.IntoTheCup"
151-->[com.facebook.android:facebook-common:8.2.0] AndroidManifest.xml:46:21-56
152                    android:scheme="fbconnect" />
152-->[com.facebook.android:facebook-common:8.2.0] AndroidManifest.xml:47:21-47
153            </intent-filter>
154        </activity>
155        <!--
156         The initialization ContentProvider will call FacebookSdk.sdkInitialize automatically
157         with the application context. This config is merged in with the host app's manifest,
158         but there can only be one provider with the same authority activated at any given
159         point; so if the end user has two or more different apps that use Facebook SDK, only the
160         first one will be able to use the provider. To work around this problem, we use the
161         following placeholder in the authority to identify each host application as if it was
162         a completely different provider.
163        -->
164        <provider
164-->[com.facebook.android:facebook-core:8.2.0] AndroidManifest.xml:39:9-42:40
165            android:name="com.facebook.internal.FacebookInitProvider"
165-->[com.facebook.android:facebook-core:8.2.0] AndroidManifest.xml:40:13-70
166            android:authorities="com.ShedWise.IntoTheCup.FacebookInitProvider"
166-->[com.facebook.android:facebook-core:8.2.0] AndroidManifest.xml:41:13-72
167            android:exported="false" />
167-->[com.facebook.android:facebook-core:8.2.0] AndroidManifest.xml:42:13-37
168
169        <receiver
169-->[com.facebook.android:facebook-core:8.2.0] AndroidManifest.xml:44:9-50:20
170            android:name="com.facebook.CurrentAccessTokenExpirationBroadcastReceiver"
170-->[com.facebook.android:facebook-core:8.2.0] AndroidManifest.xml:45:13-86
171            android:exported="false" >
171-->[com.facebook.android:facebook-core:8.2.0] AndroidManifest.xml:46:13-37
172            <intent-filter>
172-->[com.facebook.android:facebook-core:8.2.0] AndroidManifest.xml:47:13-49:29
173                <action android:name="com.facebook.sdk.ACTION_CURRENT_ACCESS_TOKEN_CHANGED" />
173-->[com.facebook.android:facebook-core:8.2.0] AndroidManifest.xml:48:17-95
173-->[com.facebook.android:facebook-core:8.2.0] AndroidManifest.xml:48:25-92
174            </intent-filter>
175        </receiver>
176
177        <meta-data
177-->[:unityLibrary] AndroidManifest.xml:63:13-65:73
178            android:name="com.google.android.gms.version"
178-->[:unityLibrary] AndroidManifest.xml:64:17-62
179            android:value="@integer/google_play_services_version" />
179-->[:unityLibrary] AndroidManifest.xml:65:17-70
180
181        <service
181-->[:gameanalytics:] AndroidManifest.xml:15:9-17:65
182            android:name="com.gameanalytics.sdk.errorreporter.GameAnalyticsExceptionReportService"
182-->[:gameanalytics:] AndroidManifest.xml:16:13-99
183            android:process=":gameAnalyticsExceptionReporter" />
183-->[:gameanalytics:] AndroidManifest.xml:17:13-62
184
185        <meta-data
185-->[:instantapps-1.1.0:] AndroidManifest.xml:10:9-12:33
186            android:name="aia-compat-api-min-version"
186-->[:instantapps-1.1.0:] AndroidManifest.xml:11:13-54
187            android:value="1" />
187-->[:instantapps-1.1.0:] AndroidManifest.xml:12:13-30
188    </application>
189
190</manifest>